<?xml version="1.0" encoding="UTF-8"?>
<!-- Generated by org.testng.reporters.JUnitReportReporter -->
<testsuite skipped="0" hostname="SOHAN-PC" name="testScript.TC_1CreateContact" tests="1" failures="0" timestamp="2021-10-01T12:51:49 IST" time="27.005" errors="0">
  <testcase name="executingTestCase" time="27.005" classname="testScript.TC_1CreateContact"/>
  <system-out/>
</testsuite> <!-- testScript.TC_1CreateContact -->
