<?xml version="1.0" encoding="UTF-8"?>
<!-- Generated by org.testng.reporters.JUnitReportReporter -->
<testsuite skipped="0" hostname="SOHAN-PC" name="testScript.TC_3CreateContact" tests="1" failures="0" timestamp="2021-10-01T12:53:14 IST" time="33.023" errors="0">
  <testcase name="executingTestCase" time="33.023" classname="testScript.TC_3CreateContact"/>
  <system-out/>
</testsuite> <!-- testScript.TC_3CreateContact -->
