<?xml version="1.0" encoding="UTF-8"?>
<!-- Generated by org.testng.reporters.JUnitReportReporter -->
<testsuite skipped="0" hostname="SOHAN-PC" name="testScript.TC_2CreateContact" tests="1" failures="0" timestamp="2021-10-01T12:52:33 IST" time="35.542" errors="0">
  <testcase name="executingTestCase" time="35.542" classname="testScript.TC_2CreateContact"/>
  <system-out/>
</testsuite> <!-- testScript.TC_2CreateContact -->
