<?xml version="1.0" encoding="UTF-8"?>
<!-- Generated by org.testng.reporters.JUnitReportReporter -->
<testsuite skipped="0" hostname="SOHAN-PC" name="Zoho_CRM.Zoho_CRM.App" tests="1" failures="0" timestamp="2021-10-01T13:18:17 IST" time="12.237" errors="0">
  <testcase name="naukri" time="12.237" classname="Zoho_CRM.Zoho_CRM.App"/>
  <system-out/>
</testsuite> <!-- Zoho_CRM.Zoho_CRM.App -->
